{
  "RSpec": {
    "coverage": {
      "/Users/Michael/Desktop/cso/config/environment.rb": [
        null,
        1,
        null,
        null,
        1
      ],
      "/Users/Michael/Desktop/cso/config/application.rb": [
        1,
        null,
        null,
        1,
        1,
        1,
        1,
        1,
        1,
        null,
        null,
        null,
        null,
        1,
        null,
        1,
        1,
        null,
        null,
        null,
        null,
        null,
        null,
        null,
        null,
        null,
        null,
        null,
        1,
        1,
        1,
        1,
        null,
        null,
        null,
        null
      ],
      "/Users/Michael/Desktop/cso/config/boot.rb": [
        null,
        1,
        null,
        1
      ],
      "/Users/Michael/Desktop/cso/config/environments/test.rb": [
        1,
        null,
        null,
        null,
        null,
        null,
        null,
        1,
        null,
        null,
        null,
        null,
        1,
        null,
        null,
        1,
        1,
        null,
        null,
        1,
        1,
        null,
        null,
        1,
        null,
        null,
        1,
        null,
        null,
        null,
        null,
        1,
        null,
        null,
        1,
        null,
        null,
        null,
        null
      ],
      "/Users/Michael/Desktop/cso/config/initializers/backtrace_silencers.rb": [
        null,
        null,
        null,
        null,
        null,
        null,
        null
      ],
      "/Users/Michael/Desktop/cso/config/initializers/cookies_serializer.rb": [
        null,
        null,
        1
      ],
      "/Users/Michael/Desktop/cso/config/initializers/filter_parameter_logging.rb": [
        null,
        null,
        null,
        1
      ],
      "/Users/Michael/Desktop/cso/config/initializers/inflections.rb": [
        null,
        null,
        null,
        null,
        null,
        null,
        null,
        null,
        null,
        null,
        null,
        null,
        null,
        null,
        null,
        null
      ],
      "/Users/Michael/Desktop/cso/config/initializers/mime_types.rb": [
        null,
        null,
        null,
        null
      ],
      "/Users/Michael/Desktop/cso/config/initializers/omniauth.rb": [
        1,
        1,
        null
      ],
      "/Users/Michael/Desktop/cso/config/initializers/session_store.rb": [
        null,
        null,
        1
      ],
      "/Users/Michael/Desktop/cso/config/initializers/wrap_parameters.rb": [
        null,
        null,
        null,
        null,
        null,
        null,
        1,
        1,
        null,
        null,
        null,
        null,
        null,
        null
      ],
      "/Users/Michael/Desktop/cso/spec/factories.rb": [
        null,
        null,
        1,
        null,
        1,
        1,
        1,
        null,
        1,
        2,
        null,
        null,
        null,
        1,
        1,
        1,
        1,
        1,
        null,
        null,
        1,
        null,
        null,
        1,
        1,
        1,
        null,
        null,
        1,
        1,
        null,
        null,
        null,
        null
      ],
      "/Users/Michael/Desktop/cso/config/routes.rb": [
        1,
        null,
        1,
        null,
        null,
        1,
        1,
        null,
        null,
        1,
        1,
        1,
        null,
        null,
        1,
        1,
        null,
        null,
        1,
        1,
        null,
        null,
        1,
        1,
        1,
        null
      ],
      "/Users/Michael/Desktop/cso/app/helpers/application_helper.rb": [
        1,
        null
      ],
      "/Users/Michael/Desktop/cso/app/helpers/sessions_helper.rb": [
        1,
        null
      ],
      "/Users/Michael/Desktop/cso/spec/support/database_cleaner.rb": [
        1,
        null,
        1,
        1,
        null,
        null,
        1,
        66,
        null,
        null,
        1,
        2,
        2,
        null,
        null,
        1,
        66,
        null,
        null,
        1,
        66,
        null,
        null,
        null
      ],
      "/Users/Michael/Desktop/cso/app/controllers/collections_controller.rb": [
        1,
        null,
        null,
        1,
        0,
        0,
        0,
        0,
        null,
        0,
        0,
        0,
        null,
        null,
        0,
        null,
        null,
        1,
        2,
        2,
        null,
        null
      ],
      "/Users/Michael/Desktop/cso/app/controllers/application_controller.rb": [
        1,
        null,
        null,
        null,
        1,
        null,
        1,
        0,
        null,
        null,
        1,
        7,
        null,
        null
      ],
      "/Users/Michael/Desktop/cso/spec/controllers/locations_controller_spec.rb": [
        1,
        null,
        1,
        8,
        1,
        null,
        1,
        1,
        1,
        1,
        null,
        null,
        1,
        1,
        1,
        null,
        null,
        1,
        1,
        1,
        null,
        null,
        1,
        1,
        1,
        null,
        null,
        null,
        1,
        1,
        1,
        1,
        null,
        null,
        1,
        1,
        1,
        null,
        null,
        1,
        1,
        1,
        null,
        null,
        null
      ],
      "/Users/Michael/Desktop/cso/app/controllers/locations_controller.rb": [
        1,
        1,
        null,
        1,
        4,
        4,
        4,
        4,
        null,
        null,
        1,
        3,
        3,
        3,
        null,
        null
      ],
      "/Users/Michael/Desktop/cso/spec/controllers/sessions_controller_spec.rb": [
        1,
        null,
        1,
        1,
        5,
        null,
        null,
        1,
        1,
        1,
        1,
        2,
        null,
        null,
        1,
        1,
        1,
        1,
        null,
        null,
        1,
        1,
        1,
        null,
        null,
        null,
        1,
        1,
        2,
        null,
        null,
        1,
        1,
        1,
        1,
        null,
        null,
        1,
        1,
        1,
        null,
        null,
        null,
        null
      ],
      "/Users/Michael/Desktop/cso/app/controllers/sessions_controller.rb": [
        1,
        1,
        6,
        6,
        6,
        6,
        6,
        null,
        null,
        1,
        2,
        2,
        null,
        null
      ],
      "/Users/Michael/Desktop/cso/spec/controllers/systems_controller_spec.rb": [
        1,
        null,
        1,
        null,
        1,
        2,
        null,
        1,
        1,
        1,
        null,
        null,
        null,
        1,
        3,
        3,
        null,
        1,
        1,
        1,
        null,
        null,
        1,
        1,
        1,
        null,
        null,
        null
      ],
      "/Users/Michael/Desktop/cso/app/controllers/systems_controller.rb": [
        1,
        1,
        1,
        1,
        1,
        null,
        null,
        null,
        1,
        2,
        2,
        2,
        null,
        2,
        null,
        null
      ],
      "/Users/Michael/Desktop/cso/spec/controllers/users_controller_spec.rb": [
        1,
        null,
        1,
        3,
        null,
        1,
        1,
        1,
        1,
        null,
        null,
        null,
        1,
        1,
        1,
        1,
        null,
        null,
        null,
        1,
        4,
        null,
        1,
        1,
        1,
        null,
        null,
        1,
        1,
        1,
        2,
        null,
        null,
        1,
        1,
        1,
        1,
        2,
        null,
        null,
        null,
        null
      ],
      "/Users/Michael/Desktop/cso/app/controllers/users_controller.rb": [
        1,
        1,
        null,
        1,
        null,
        null,
        1,
        null,
        null,
        1,
        3,
        3,
        3,
        3,
        3,
        null,
        3,
        3,
        5,
        5,
        null,
        3,
        null,
        null
      ],
      "/Users/Michael/Desktop/cso/spec/features/users_spec.rb": [
        1,
        null,
        1,
        1,
        1,
        1,
        1,
        1,
        null,
        null,
        1,
        1,
        1,
        1,
        null,
        null,
        1,
        1,
        1,
        1,
        null,
        null,
        1,
        1,
        1,
        1,
        null,
        null,
        null,
        1,
        1,
        1,
        1,
        null,
        null,
        null
      ],
      "/Users/Michael/Desktop/cso/spec/helpers/sessions_helper_spec.rb": [
        1,
        null,
        null,
        null,
        null,
        null,
        null,
        null,
        null,
        null,
        null,
        null,
        null,
        null,
        null
      ],
      "/Users/Michael/Desktop/cso/spec/models/collection_spec.rb": [
        1,
        null,
        1,
        null,
        2,
        2,
        2,
        2,
        2,
        2,
        2,
        null,
        null,
        2,
        2,
        null
      ],
      "/Users/Michael/Desktop/cso/app/models/collection.rb": [
        1,
        null,
        1,
        null,
        null,
        null,
        null,
        null,
        null,
        null,
        null,
        1,
        null,
        1,
        1,
        null,
        null
      ],
      "/Users/Michael/Desktop/cso/spec/models/location_spec.rb": [
        1,
        null,
        1,
        null,
        2,
        2,
        2,
        2,
        2,
        null,
        null,
        2,
        2,
        2,
        null
      ],
      "/Users/Michael/Desktop/cso/app/models/location.rb": [
        1,
        1,
        1,
        1,
        null
      ],
      "/Users/Michael/Desktop/cso/spec/models/system_spec.rb": [
        1,
        null,
        1,
        null,
        2,
        2,
        2,
        2,
        2,
        2,
        null,
        null,
        2,
        null
      ],
      "/Users/Michael/Desktop/cso/app/models/system.rb": [
        1,
        1,
        null
      ],
      "/Users/Michael/Desktop/cso/spec/models/user_spec.rb": [
        1,
        null,
        1,
        null,
        2,
        2,
        2,
        2,
        2,
        2,
        2,
        2,
        null,
        null,
        2,
        2,
        2,
        null,
        null
      ],
      "/Users/Michael/Desktop/cso/app/models/user.rb": [
        1,
        1,
        1,
        1,
        null,
        1,
        6,
        6,
        6,
        6,
        6,
        6,
        6,
        6,
        6,
        null,
        null,
        null,
        1,
        0,
        0,
        0,
        0,
        0,
        0,
        0,
        0,
        null,
        null
      ],
      "/Users/Michael/Desktop/cso/spec/models/visit_spec.rb": [
        1,
        null,
        1,
        null,
        2,
        2,
        null,
        null,
        2,
        2,
        null,
        null
      ],
      "/Users/Michael/Desktop/cso/app/models/visit.rb": [
        1,
        1,
        1,
        null
      ]
    },
    "timestamp": 1399566394
  }
}
