{
  "RSpec": {
    "coverage": {
      "/Users/Michael/Desktop/tstt/config/environment.rb": [
        null,
        1,
        null,
        null,
        1
      ],
      "/Users/Michael/Desktop/tstt/config/application.rb": [
        1,
        null,
        null,
        1,
        1,
        1,
        1,
        1,
        1,
        null,
        null,
        null,
        null,
        1,
        null,
        1,
        1,
        null,
        null,
        null,
        null,
        null,
        null,
        null,
        null,
        null,
        null,
        null,
        1,
        1,
        1,
        1,
        null,
        null,
        null,
        null
      ],
      "/Users/Michael/Desktop/tstt/config/boot.rb": [
        null,
        1,
        null,
        1
      ],
      "/Users/Michael/Desktop/tstt/config/environments/test.rb": [
        1,
        null,
        null,
        null,
        null,
        null,
        null,
        1,
        null,
        null,
        null,
        null,
        1,
        null,
        null,
        1,
        1,
        null,
        null,
        1,
        1,
        null,
        null,
        1,
        null,
        null,
        1,
        null,
        null,
        null,
        null,
        1,
        null,
        null,
        1,
        null,
        null,
        null,
        null
      ],
      "/Users/Michael/Desktop/tstt/config/initializers/backtrace_silencers.rb": [
        null,
        null,
        null,
        null,
        null,
        null,
        null
      ],
      "/Users/Michael/Desktop/tstt/config/initializers/cookies_serializer.rb": [
        null,
        null,
        1
      ],
      "/Users/Michael/Desktop/tstt/config/initializers/filter_parameter_logging.rb": [
        null,
        null,
        null,
        1
      ],
      "/Users/Michael/Desktop/tstt/config/initializers/inflections.rb": [
        null,
        null,
        null,
        null,
        null,
        null,
        null,
        null,
        null,
        null,
        null,
        null,
        null,
        null,
        null,
        null
      ],
      "/Users/Michael/Desktop/tstt/config/initializers/mime_types.rb": [
        null,
        null,
        null,
        null
      ],
      "/Users/Michael/Desktop/tstt/config/initializers/omniauth.rb": [
        1,
        1,
        null
      ],
      "/Users/Michael/Desktop/tstt/config/initializers/session_store.rb": [
        null,
        null,
        1
      ],
      "/Users/Michael/Desktop/tstt/config/initializers/wrap_parameters.rb": [
        null,
        null,
        null,
        null,
        null,
        null,
        1,
        1,
        null,
        null,
        null,
        null,
        null,
        null
      ],
      "/Users/Michael/Desktop/tstt/spec/factories.rb": [
        null,
        null,
        1,
        null,
        1,
        1,
        1,
        null,
        1,
        2,
        null,
        null,
        null,
        1,
        1,
        1,
        1,
        1,
        null,
        null,
        1,
        null,
        null,
        1,
        1,
        1,
        null,
        null,
        1,
        1,
        null,
        null,
        null,
        null
      ],
      "/Users/Michael/Desktop/tstt/config/routes.rb": [
        1,
        null,
        1,
        null,
        null,
        1,
        1,
        null,
        null,
        1,
        1,
        null,
        null,
        1,
        1,
        null,
        null,
        1,
        1,
        null,
        null,
        1,
        1,
        1,
        null
      ],
      "/Users/Michael/Desktop/tstt/app/helpers/application_helper.rb": [
        1,
        null
      ],
      "/Users/Michael/Desktop/tstt/app/helpers/sessions_helper.rb": [
        1,
        null
      ],
      "/Users/Michael/Desktop/tstt/spec/support/database_cleaner.rb": [
        1,
        null,
        1,
        1,
        null,
        null,
        1,
        5,
        null,
        null,
        1,
        0,
        0,
        null,
        null,
        1,
        5,
        null,
        null,
        1,
        5,
        null,
        null,
        null
      ],
      "/Users/Michael/Desktop/tstt/app/controllers/users_controller.rb": [
        1,
        1,
        null,
        1,
        null,
        null,
        1,
        null,
        null,
        1,
        3,
        3,
        3,
        3,
        null,
        3,
        3,
        5,
        5,
        null,
        3,
        null,
        null
      ],
      "/Users/Michael/Desktop/tstt/app/controllers/application_controller.rb": [
        1,
        null,
        null,
        null,
        1,
        null,
        1,
        0,
        null,
        null,
        1,
        0,
        null,
        null
      ],
      "/Users/Michael/Desktop/tstt/app/models/user.rb": [
        1,
        1,
        1,
        1,
        null,
        1,
        0,
        0,
        0,
        0,
        0,
        0,
        0,
        0,
        0,
        null,
        null,
        null,
        1,
        0,
        0,
        0,
        0,
        0,
        0,
        0,
        0,
        null,
        null
      ],
      "/Users/Michael/Desktop/tstt/app/models/location.rb": [
        1,
        1,
        1,
        1,
        null
      ],
      "/Users/Michael/Desktop/tstt/app/models/system.rb": [
        1,
        1,
        null
      ],
      "/Users/Michael/Desktop/tstt/app/models/visit.rb": [
        1,
        1,
        1,
        null
      ]
    },
    "timestamp": 1399466117
  }
}
